<?xml version="1.0" encoding="UTF-8"?>
<!-- Generated by org.testng.reporters.JUnitReportReporter -->
<testsuite hostname="GLB-156-PC" failures="0" tests="2" name="com.onemg.base.testng" time="0.013" errors="0" timestamp="26 Jun 2020 07:18:41 GMT" skipped="0">
  <testcase classname="com.onemg.base.testng" name="logintest" time="0.011"/>
  <testcase classname="com.onemg.base.testng" name="logintest" time="0.002"/>
</testsuite> <!-- com.onemg.base.testng -->
